-------------------------------------------------------------------------------
Test set: jda.test.db.javadb.OsmClientTest
-------------------------------------------------------------------------------
Tests run: 1, Failures: 0, Errors: 1, Skipped: 0, Time elapsed: 2.134 sec <<< FAILURE!
test(jda.test.db.javadb.OsmClientTest)  Time elapsed: 2.133 sec  <<< ERROR!
jda.modules.common.exceptions.NotPossibleException: [NotPossibleException.FAIL_TO_CREATE_OBJECT] Không th? t?o ??i t??ng l?p: DODM(Configuration(2,Test))
	at jda.modules.dodm.DODMBasic.getInstance(DODMBasic.java:83)
	at jda.modules.dodm.DODMBasic.getInstance(DODMBasic.java:109)
	at jda.test.db.javadb.OsmClientTest.test(OsmClientTest.java:25)
	at java.base/jdk.internal.reflect.NativeMethodAccessorImpl.invoke0(Native Method)
	at java.base/jdk.internal.reflect.NativeMethodAccessorImpl.invoke(NativeMethodAccessorImpl.java:62)
	at java.base/jdk.internal.reflect.DelegatingMethodAccessorImpl.invoke(DelegatingMethodAccessorImpl.java:43)
	at java.base/java.lang.reflect.Method.invoke(Method.java:567)
	at org.junit.runners.model.FrameworkMethod$1.runReflectiveCall(FrameworkMethod.java:59)
	at org.junit.internal.runners.model.ReflectiveCallable.run(ReflectiveCallable.java:12)
	at org.junit.runners.model.FrameworkMethod.invokeExplosively(FrameworkMethod.java:56)
	at org.junit.internal.runners.statements.InvokeMethod.evaluate(InvokeMethod.java:17)
	at org.junit.runners.ParentRunner$3.evaluate(ParentRunner.java:306)
	at org.junit.runners.BlockJUnit4ClassRunner$1.evaluate(BlockJUnit4ClassRunner.java:100)
	at org.junit.runners.ParentRunner.runLeaf(ParentRunner.java:366)
	at org.junit.runners.BlockJUnit4ClassRunner.runChild(BlockJUnit4ClassRunner.java:103)
	at org.junit.runners.BlockJUnit4ClassRunner.runChild(BlockJUnit4ClassRunner.java:63)
	at org.junit.runners.ParentRunner$4.run(ParentRunner.java:331)
	at org.junit.runners.ParentRunner$1.schedule(ParentRunner.java:79)
	at org.junit.runners.ParentRunner.runChildren(ParentRunner.java:329)
	at org.junit.runners.ParentRunner.access$100(ParentRunner.java:66)
	at org.junit.runners.ParentRunner$2.evaluate(ParentRunner.java:293)
	at org.junit.runners.ParentRunner$3.evaluate(ParentRunner.java:306)
	at org.junit.runners.ParentRunner.run(ParentRunner.java:413)
	at org.apache.maven.surefire.junit4.JUnit4Provider.execute(JUnit4Provider.java:252)
	at org.apache.maven.surefire.junit4.JUnit4Provider.executeTestSet(JUnit4Provider.java:141)
	at org.apache.maven.surefire.junit4.JUnit4Provider.invoke(JUnit4Provider.java:112)
	at java.base/jdk.internal.reflect.NativeMethodAccessorImpl.invoke0(Native Method)
	at java.base/jdk.internal.reflect.NativeMethodAccessorImpl.invoke(NativeMethodAccessorImpl.java:62)
	at java.base/jdk.internal.reflect.DelegatingMethodAccessorImpl.invoke(DelegatingMethodAccessorImpl.java:43)
	at java.base/java.lang.reflect.Method.invoke(Method.java:567)
	at org.apache.maven.surefire.util.ReflectionUtils.invokeMethodWithArray(ReflectionUtils.java:189)
	at org.apache.maven.surefire.booter.ProviderFactory$ProviderProxy.invoke(ProviderFactory.java:165)
	at org.apache.maven.surefire.booter.ProviderFactory.invokeProvider(ProviderFactory.java:85)
	at org.apache.maven.surefire.booter.ForkedBooter.runSuitesInProcess(ForkedBooter.java:115)
	at org.apache.maven.surefire.booter.ForkedBooter.main(ForkedBooter.java:75)
Caused by: java.lang.reflect.InvocationTargetException
	at java.base/jdk.internal.reflect.NativeConstructorAccessorImpl.newInstance0(Native Method)
	at java.base/jdk.internal.reflect.NativeConstructorAccessorImpl.newInstance(NativeConstructorAccessorImpl.java:62)
	at java.base/jdk.internal.reflect.DelegatingConstructorAccessorImpl.newInstance(DelegatingConstructorAccessorImpl.java:45)
	at java.base/java.lang.reflect.Constructor.newInstanceWithCaller(Constructor.java:500)
	at java.base/java.lang.reflect.Constructor.newInstance(Constructor.java:481)
	at jda.modules.dodm.DODMBasic.getInstance(DODMBasic.java:78)
	... 34 more
Caused by: jda.modules.common.exceptions.NotPossibleException: [NotPossibleException.FAIL_TO_CREATE_OBJECT] Không th? t?o ??i t??ng l?p: DOM(init)
	at jda.modules.dodm.dom.DOMFactory.createDOM(DOMFactory.java:31)
	at jda.modules.dodm.DODMBasic.<init>(DODMBasic.java:57)
	at jda.modules.dodm.DODM.<init>(DODM.java:32)
	... 40 more
Caused by: java.lang.reflect.InvocationTargetException
	at java.base/jdk.internal.reflect.NativeConstructorAccessorImpl.newInstance0(Native Method)
	at java.base/jdk.internal.reflect.NativeConstructorAccessorImpl.newInstance(NativeConstructorAccessorImpl.java:62)
	at java.base/jdk.internal.reflect.DelegatingConstructorAccessorImpl.newInstance(DelegatingConstructorAccessorImpl.java:45)
	at java.base/java.lang.reflect.Constructor.newInstanceWithCaller(Constructor.java:500)
	at java.base/java.lang.reflect.Constructor.newInstance(Constructor.java:481)
	at jda.modules.dodm.dom.DOMFactory.createDOM(DOMFactory.java:26)
	... 42 more
Caused by: jda.modules.common.exceptions.NotPossibleException: [NotPossibleException.FAIL_TO_CREATE_OBJECT] Không th? t?o ??i t??ng l?p: JavaDbOSMBasic(OsmConfig (jdbc:derby://localhost/data/DomainAppTest))
	at jda.modules.dodm.osm.OSMFactory.getOsmInstance(OSMFactory.java:51)
	at jda.modules.dodm.dom.DOMBasic.<init>(DOMBasic.java:146)
	at jda.modules.dodm.dom.DOM.<init>(DOM.java:58)
	... 48 more
Caused by: java.lang.reflect.InvocationTargetException
	at java.base/jdk.internal.reflect.NativeConstructorAccessorImpl.newInstance0(Native Method)
	at java.base/jdk.internal.reflect.NativeConstructorAccessorImpl.newInstance(NativeConstructorAccessorImpl.java:62)
	at java.base/jdk.internal.reflect.DelegatingConstructorAccessorImpl.newInstance(DelegatingConstructorAccessorImpl.java:45)
	at java.base/java.lang.reflect.Constructor.newInstanceWithCaller(Constructor.java:500)
	at java.base/java.lang.reflect.Constructor.newInstance(Constructor.java:481)
	at jda.modules.dodm.osm.OSMFactory.getOsmInstance(OSMFactory.java:46)
	... 50 more
Caused by: jda.modules.common.exceptions.DataSourceException: [DataSourceException.FAIL_TO_CONNECT] L?i t?o k?t n?i ??n ngu?n d? li?u: jdbc:derby://localhost/data/DomainAppTest (java.net.ConnectException : Error connecting to server localhost on port 1,527 with message Connection refused: connect.)
	at jda.modules.dodm.osm.relational.RelationalOSMBasic.connect(RelationalOSMBasic.java:215)
	at jda.modules.dodm.osm.relational.RelationalOSMBasic.<init>(RelationalOSMBasic.java:126)
	at jda.modules.dodm.osm.javadb.JavaDbOSMBasic.<init>(JavaDbOSMBasic.java:30)
	... 56 more
Caused by: java.sql.SQLNonTransientConnectionException: java.net.ConnectException : Error connecting to server localhost on port 1,527 with message Connection refused: connect.
	at org.apache.derby.client.am.SQLExceptionFactory.getSQLException(SQLExceptionFactory.java:74)
	at org.apache.derby.client.am.SqlException.getSQLException(SqlException.java:325)
	at org.apache.derby.client.ClientAutoloadedDriver.connect(ClientAutoloadedDriver.java:177)
	at java.sql/java.sql.DriverManager.getConnection(DriverManager.java:677)
	at java.sql/java.sql.DriverManager.getConnection(DriverManager.java:189)
	at jda.modules.dodm.osm.relational.RelationalOSMBasic.connect(RelationalOSMBasic.java:206)
	... 58 more
Caused by: ERROR 08001: java.net.ConnectException : Error connecting to server localhost on port 1,527 with message Connection refused: connect.
	at org.apache.derby.client.net.NetAgent.<init>(NetAgent.java:153)
	at org.apache.derby.client.net.NetConnection.newAgent_(NetConnection.java:972)
	at org.apache.derby.client.am.ClientConnection.<init>(ClientConnection.java:361)
	at org.apache.derby.client.net.NetConnection.<init>(NetConnection.java:198)
	at org.apache.derby.client.net.ClientJDBCObjectFactoryImpl.newNetConnection(ClientJDBCObjectFactoryImpl.java:278)
	at org.apache.derby.client.ClientAutoloadedDriver.connect(ClientAutoloadedDriver.java:170)
	... 61 more
Caused by: java.net.ConnectException: Connection refused: connect
	at java.base/sun.nio.ch.Net.connect0(Native Method)
	at java.base/sun.nio.ch.Net.connect(Net.java:493)
	at java.base/sun.nio.ch.Net.connect(Net.java:482)
	at java.base/sun.nio.ch.NioSocketImpl.connect(NioSocketImpl.java:588)
	at java.base/java.net.SocksSocketImpl.connect(SocksSocketImpl.java:339)
	at java.base/java.net.Socket.connect(Socket.java:603)
	at java.base/java.net.Socket.connect(Socket.java:552)
	at java.base/java.net.Socket.<init>(Socket.java:475)
	at java.base/java.net.Socket.<init>(Socket.java:249)
	at java.base/javax.net.DefaultSocketFactory.createSocket(SocketFactory.java:271)
	at org.apache.derby.client.net.OpenSocketAction.run(OpenSocketAction.java:121)
	at org.apache.derby.client.net.OpenSocketAction.run(OpenSocketAction.java:42)
	at java.base/java.security.AccessController.doPrivileged(AccessController.java:554)
	at org.apache.derby.client.net.NetAgent.<init>(NetAgent.java:146)
	... 66 more

